2021-10-15 17:07:26.873  INFO 10208 --- [main] .s.d.r.c.RepositoryConfigurationDelegate : Bootstrapping Spring Data repositories in DEFAULT mode.
2021-10-15 17:07:27.053  INFO 10208 --- [main] .s.d.r.c.RepositoryConfigurationDelegate : Finished Spring Data repository scanning in 160ms. Found 6 repository interfaces.
2021-10-15 17:07:27.742  INFO 10208 --- [main] trationDelegate$BeanPostProcessorChecker : Bean 'org.springframework.transaction.annotation.ProxyTransactionManagementConfiguration' of type [org.springframework.transaction.annotation.ProxyTransactionManagementConfiguration$$EnhancerBySpringCGLIB$$bb17ca84] is not eligible for getting processed by all BeanPostProcessors (for example: not eligible for auto-proxying)
2021-10-15 17:07:29.258  INFO 10208 --- [main] o.s.b.w.embedded.tomcat.TomcatWebServer  : Tomcat initialized with port(s): 8081 (http)
2021-10-15 17:07:29.318  INFO 10208 --- [main] o.apache.catalina.core.StandardService   : Starting service [Tomcat]
2021-10-15 17:07:29.318  INFO 10208 --- [main] org.apache.catalina.core.StandardEngine  : Starting Servlet engine: [Apache Tomcat/9.0.17]
2021-10-15 17:07:29.530  INFO 10208 --- [main] o.a.c.c.C.[.[localhost].[/SpringMVC]     : Initializing Spring embedded WebApplicationContext
2021-10-15 17:07:29.530  INFO 10208 --- [main] o.s.web.context.ContextLoader            : Root WebApplicationContext: initialization completed in 4052 ms
2021-10-15 17:07:29.862  INFO 10208 --- [main] com.zaxxer.hikari.HikariDataSource       : HikariPool-1 - Starting...
2021-10-15 17:07:30.262  INFO 10208 --- [main] com.zaxxer.hikari.HikariDataSource       : HikariPool-1 - Start completed.
2021-10-15 17:07:30.412  INFO 10208 --- [main] o.hibernate.jpa.internal.util.LogHelper  : HHH000204: Processing PersistenceUnitInfo [
	name: default
	...]
2021-10-15 17:07:30.553  INFO 10208 --- [main] org.hibernate.Version                    : HHH000412: Hibernate Core {5.3.9.Final}
2021-10-15 17:07:30.553  INFO 10208 --- [main] org.hibernate.cfg.Environment            : HHH000206: hibernate.properties not found
2021-10-15 17:07:30.919  INFO 10208 --- [main] o.hibernate.annotations.common.Version   : HCANN000001: Hibernate Commons Annotations {5.0.4.Final}
2021-10-15 17:07:31.213  INFO 10208 --- [main] org.hibernate.dialect.Dialect            : HHH000400: Using dialect: org.hibernate.dialect.MySQL5Dialect
2021-10-15 17:07:34.043  INFO 10208 --- [main] j.LocalContainerEntityManagerFactoryBean : Initialized JPA EntityManagerFactory for persistence unit 'default'
2021-10-15 17:07:35.108  INFO 10208 --- [main] o.h.h.i.QueryTranslatorFactoryInitiator  : HHH000397: Using ASTQueryTranslatorFactory
2021-10-15 17:07:36.153  INFO 10208 --- [main] o.s.s.concurrent.ThreadPoolTaskExecutor  : Initializing ExecutorService 'applicationTaskExecutor'
2021-10-15 17:07:36.278  WARN 10208 --- [main] aWebConfiguration$JpaWebMvcConfiguration : spring.jpa.open-in-view is enabled by default. Therefore, database queries may be performed during view rendering. Explicitly configure spring.jpa.open-in-view to disable this warning
2021-10-15 17:07:36.786  INFO 10208 --- [main] o.s.b.w.embedded.tomcat.TomcatWebServer  : Tomcat started on port(s): 8081 (http) with context path '/SpringMVC'
2021-10-15 17:07:36.786  INFO 10208 --- [main] SpringBootCoreDataJpaMvcRest1Application : Started TimesheetSpringBootCoreDataJpaMvcRest1Application in 12.104 seconds (JVM running for 15.31)
2021-10-15 17:08:01.733  INFO 14356 --- [main] tn.esprit.spring.EmployeServiceImplTest  : Starting EmployeServiceImplTest on DESKTOP-T120LVS with PID 14356 (started by dell in C:\products\work\TimesheetProject)
2021-10-15 17:08:01.738  INFO 14356 --- [main] tn.esprit.spring.EmployeServiceImplTest  : No active profile set, falling back to default profiles: default
2021-10-15 17:08:02.973  INFO 14356 --- [main] .s.d.r.c.RepositoryConfigurationDelegate : Bootstrapping Spring Data repositories in DEFAULT mode.
2021-10-15 17:08:03.103  INFO 14356 --- [main] .s.d.r.c.RepositoryConfigurationDelegate : Finished Spring Data repository scanning in 120ms. Found 6 repository interfaces.
2021-10-15 17:08:03.900  INFO 14356 --- [main] trationDelegate$BeanPostProcessorChecker : Bean 'org.springframework.transaction.annotation.ProxyTransactionManagementConfiguration' of type [org.springframework.transaction.annotation.ProxyTransactionManagementConfiguration$$EnhancerBySpringCGLIB$$26dfa627] is not eligible for getting processed by all BeanPostProcessors (for example: not eligible for auto-proxying)
2021-10-15 17:08:04.756  INFO 14356 --- [main] com.zaxxer.hikari.HikariDataSource       : HikariPool-1 - Starting...
2021-10-15 17:08:05.203  INFO 14356 --- [main] com.zaxxer.hikari.HikariDataSource       : HikariPool-1 - Start completed.
2021-10-15 17:08:05.323  INFO 14356 --- [main] o.hibernate.jpa.internal.util.LogHelper  : HHH000204: Processing PersistenceUnitInfo [
	name: default
	...]
2021-10-15 17:08:05.442  INFO 14356 --- [main] org.hibernate.Version                    : HHH000412: Hibernate Core {5.3.9.Final}
2021-10-15 17:08:05.442  INFO 14356 --- [main] org.hibernate.cfg.Environment            : HHH000206: hibernate.properties not found
2021-10-15 17:08:05.774  INFO 14356 --- [main] o.hibernate.annotations.common.Version   : HCANN000001: Hibernate Commons Annotations {5.0.4.Final}
2021-10-15 17:08:06.483  INFO 14356 --- [main] org.hibernate.dialect.Dialect            : HHH000400: Using dialect: org.hibernate.dialect.MySQL5Dialect
2021-10-15 17:08:08.773  INFO 14356 --- [main] j.LocalContainerEntityManagerFactoryBean : Initialized JPA EntityManagerFactory for persistence unit 'default'
2021-10-15 17:08:09.507  INFO 14356 --- [main] o.h.h.i.QueryTranslatorFactoryInitiator  : HHH000397: Using ASTQueryTranslatorFactory
2021-10-15 17:08:11.978  INFO 14356 --- [main] o.s.s.concurrent.ThreadPoolTaskExecutor  : Initializing ExecutorService 'applicationTaskExecutor'
2021-10-15 17:08:12.121  WARN 14356 --- [main] aWebConfiguration$JpaWebMvcConfiguration : spring.jpa.open-in-view is enabled by default. Therefore, database queries may be performed during view rendering. Explicitly configure spring.jpa.open-in-view to disable this warning
2021-10-15 17:08:13.103  INFO 14356 --- [main] tn.esprit.spring.EmployeServiceImplTest  : Started EmployeServiceImplTest in 11.9 seconds (JVM running for 13.127)
2021-10-15 17:08:15.153  INFO 14356 --- [main] tn.esprit.spring.EmployeServiceImplTest  : getAllEmployeByEntreprise : [tn.esprit.spring.entities.Employe@6a6a2fdd]
2021-10-15 17:08:15.293  INFO 14356 --- [main] tn.esprit.spring.EmployeServiceImplTest  : getAllEmployeNamesJPQL : [Korkad, Ferchichi]
2021-10-15 17:08:15.418  INFO 14356 --- [main] tn.esprit.spring.EmployeServiceImplTest  : getAllEmployes : [tn.esprit.spring.entities.Employe@5b2c7186, tn.esprit.spring.entities.Employe@1b9c716f]
2021-10-15 17:08:15.498  INFO 14356 --- [main] tn.esprit.spring.EmployeServiceImplTest  : Duration getEmployePrenomByIdTest: 6092600
2021-10-15 17:08:15.498  INFO 14356 --- [main] tn.esprit.spring.EmployeServiceImplTest  : getEmployePrenomById : Yasmine
2021-10-15 17:08:15.583  INFO 14356 --- [main] tn.esprit.spring.EmployeServiceImplTest  : getNombreEmployeJPQL : 2
2021-10-15 17:08:15.663  INFO 14356 --- [main] tn.esprit.spring.EmployeServiceImplTest  : getSalaireByEmployeIdJPQL : 2000.0
2021-10-15 17:08:15.898  INFO 14356 --- [Thread-2] o.s.s.concurrent.ThreadPoolTaskExecutor  : Shutting down ExecutorService 'applicationTaskExecutor'
2021-10-15 17:08:15.901  INFO 14356 --- [Thread-2] j.LocalContainerEntityManagerFactoryBean : Closing JPA EntityManagerFactory for persistence unit 'default'
2021-10-15 17:08:15.903  INFO 14356 --- [Thread-2] com.zaxxer.hikari.HikariDataSource       : HikariPool-1 - Shutdown initiated...
2021-10-15 17:08:15.913  INFO 14356 --- [Thread-2] com.zaxxer.hikari.HikariDataSource       : HikariPool-1 - Shutdown completed.
