2021-10-13 21:48:25.050  INFO 788 --- [main] tn.esprit.spring.EmployeServiceImplTest  : Starting EmployeServiceImplTest on DESKTOP-T120LVS with PID 788 (started by dell in C:\products\work\TimesheetProject)
2021-10-13 21:48:25.104  INFO 788 --- [main] tn.esprit.spring.EmployeServiceImplTest  : No active profile set, falling back to default profiles: default
2021-10-13 21:48:29.459  INFO 788 --- [main] .s.d.r.c.RepositoryConfigurationDelegate : Bootstrapping Spring Data repositories in DEFAULT mode.
2021-10-13 21:48:29.717  INFO 788 --- [main] .s.d.r.c.RepositoryConfigurationDelegate : Finished Spring Data repository scanning in 219ms. Found 6 repository interfaces.
2021-10-13 21:48:30.888  INFO 788 --- [main] trationDelegate$BeanPostProcessorChecker : Bean 'org.springframework.transaction.annotation.ProxyTransactionManagementConfiguration' of type [org.springframework.transaction.annotation.ProxyTransactionManagementConfiguration$$EnhancerBySpringCGLIB$$a96de5f1] is not eligible for getting processed by all BeanPostProcessors (for example: not eligible for auto-proxying)
2021-10-13 21:48:31.592  INFO 788 --- [main] com.zaxxer.hikari.HikariDataSource       : HikariPool-1 - Starting...
2021-10-13 21:48:32.422  INFO 788 --- [main] com.zaxxer.hikari.HikariDataSource       : HikariPool-1 - Start completed.
2021-10-13 21:48:33.034  INFO 788 --- [main] o.hibernate.jpa.internal.util.LogHelper  : HHH000204: Processing PersistenceUnitInfo [
	name: default
	...]
2021-10-13 21:48:33.373  INFO 788 --- [main] org.hibernate.Version                    : HHH000412: Hibernate Core {5.3.9.Final}
2021-10-13 21:48:33.373  INFO 788 --- [main] org.hibernate.cfg.Environment            : HHH000206: hibernate.properties not found
2021-10-13 21:48:34.170  INFO 788 --- [main] o.hibernate.annotations.common.Version   : HCANN000001: Hibernate Commons Annotations {5.0.4.Final}
2021-10-13 21:48:35.116  INFO 788 --- [main] org.hibernate.dialect.Dialect            : HHH000400: Using dialect: org.hibernate.dialect.MySQL5Dialect
2021-10-13 21:48:39.410  INFO 788 --- [main] j.LocalContainerEntityManagerFactoryBean : Initialized JPA EntityManagerFactory for persistence unit 'default'
2021-10-13 21:48:40.587  INFO 788 --- [main] o.h.h.i.QueryTranslatorFactoryInitiator  : HHH000397: Using ASTQueryTranslatorFactory
2021-10-13 21:48:43.885  INFO 788 --- [main] o.s.s.concurrent.ThreadPoolTaskExecutor  : Initializing ExecutorService 'applicationTaskExecutor'
2021-10-13 21:48:44.099  WARN 788 --- [main] aWebConfiguration$JpaWebMvcConfiguration : spring.jpa.open-in-view is enabled by default. Therefore, database queries may be performed during view rendering. Explicitly configure spring.jpa.open-in-view to disable this warning
2021-10-13 21:48:45.323  INFO 788 --- [main] tn.esprit.spring.EmployeServiceImplTest  : Started EmployeServiceImplTest in 22.602 seconds (JVM running for 31.184)
2021-10-13 21:48:47.834  INFO 788 --- [main] tn.esprit.spring.EmployeServiceImplTest  : getAllEmployeByEntreprise : [tn.esprit.spring.entities.Employe@5649f55]
2021-10-13 21:48:47.986  INFO 788 --- [main] tn.esprit.spring.EmployeServiceImplTest  : getAllEmployeNamesJPQL : [Korkad, Ferchichi]
2021-10-13 21:48:48.274  INFO 788 --- [main] tn.esprit.spring.EmployeServiceImplTest  : getAllEmployes : [tn.esprit.spring.entities.Employe@2fca282c, tn.esprit.spring.entities.Employe@4a2653a0]
2021-10-13 21:48:48.386  INFO 788 --- [main] tn.esprit.spring.EmployeServiceImplTest  : getEmployePrenomById : Yasmine
2021-10-13 21:48:48.482  INFO 788 --- [main] tn.esprit.spring.EmployeServiceImplTest  : getNombreEmployeJPQL : 2
2021-10-13 21:48:48.572  INFO 788 --- [main] tn.esprit.spring.EmployeServiceImplTest  : getSalaireByEmployeIdJPQL : 2000.0
2021-10-13 21:48:48.836  INFO 788 --- [Thread-2] o.s.s.concurrent.ThreadPoolTaskExecutor  : Shutting down ExecutorService 'applicationTaskExecutor'
2021-10-13 21:48:48.844  INFO 788 --- [Thread-2] j.LocalContainerEntityManagerFactoryBean : Closing JPA EntityManagerFactory for persistence unit 'default'
2021-10-13 21:48:48.852  INFO 788 --- [Thread-2] com.zaxxer.hikari.HikariDataSource       : HikariPool-1 - Shutdown initiated...
2021-10-13 21:48:48.860  INFO 788 --- [Thread-2] com.zaxxer.hikari.HikariDataSource       : HikariPool-1 - Shutdown completed.
2021-10-13 21:51:01.387  INFO 5728 --- [main] tn.esprit.spring.EmployeServiceImplTest  : Starting EmployeServiceImplTest on DESKTOP-T120LVS with PID 5728 (started by dell in C:\products\work\TimesheetProject)
2021-10-13 21:51:01.387  INFO 5728 --- [main] tn.esprit.spring.EmployeServiceImplTest  : No active profile set, falling back to default profiles: default
2021-10-13 21:51:02.811  INFO 5728 --- [main] .s.d.r.c.RepositoryConfigurationDelegate : Bootstrapping Spring Data repositories in DEFAULT mode.
2021-10-13 21:51:02.995  INFO 5728 --- [main] .s.d.r.c.RepositoryConfigurationDelegate : Finished Spring Data repository scanning in 166ms. Found 6 repository interfaces.
2021-10-13 21:51:03.643  INFO 5728 --- [main] trationDelegate$BeanPostProcessorChecker : Bean 'org.springframework.transaction.annotation.ProxyTransactionManagementConfiguration' of type [org.springframework.transaction.annotation.ProxyTransactionManagementConfiguration$$EnhancerBySpringCGLIB$$d6b68b6f] is not eligible for getting processed by all BeanPostProcessors (for example: not eligible for auto-proxying)
2021-10-13 21:51:04.155  INFO 5728 --- [main] com.zaxxer.hikari.HikariDataSource       : HikariPool-1 - Starting...
2021-10-13 21:51:04.482  INFO 5728 --- [main] com.zaxxer.hikari.HikariDataSource       : HikariPool-1 - Start completed.
2021-10-13 21:51:04.656  INFO 5728 --- [main] o.hibernate.jpa.internal.util.LogHelper  : HHH000204: Processing PersistenceUnitInfo [
	name: default
	...]
2021-10-13 21:51:04.759  INFO 5728 --- [main] org.hibernate.Version                    : HHH000412: Hibernate Core {5.3.9.Final}
2021-10-13 21:51:04.759  INFO 5728 --- [main] org.hibernate.cfg.Environment            : HHH000206: hibernate.properties not found
2021-10-13 21:51:04.989  INFO 5728 --- [main] o.hibernate.annotations.common.Version   : HCANN000001: Hibernate Commons Annotations {5.0.4.Final}
2021-10-13 21:51:05.465  INFO 5728 --- [main] org.hibernate.dialect.Dialect            : HHH000400: Using dialect: org.hibernate.dialect.MySQL5Dialect
2021-10-13 21:51:07.894  INFO 5728 --- [main] j.LocalContainerEntityManagerFactoryBean : Initialized JPA EntityManagerFactory for persistence unit 'default'
2021-10-13 21:51:08.462  INFO 5728 --- [main] o.h.h.i.QueryTranslatorFactoryInitiator  : HHH000397: Using ASTQueryTranslatorFactory
2021-10-13 21:51:10.667  INFO 5728 --- [main] o.s.s.concurrent.ThreadPoolTaskExecutor  : Initializing ExecutorService 'applicationTaskExecutor'
2021-10-13 21:51:10.839  WARN 5728 --- [main] aWebConfiguration$JpaWebMvcConfiguration : spring.jpa.open-in-view is enabled by default. Therefore, database queries may be performed during view rendering. Explicitly configure spring.jpa.open-in-view to disable this warning
2021-10-13 21:51:12.047  INFO 5728 --- [main] tn.esprit.spring.EmployeServiceImplTest  : Started EmployeServiceImplTest in 11.291 seconds (JVM running for 12.726)
2021-10-13 21:51:13.399  INFO 5728 --- [main] tn.esprit.spring.EmployeServiceImplTest  : getAllEmployeByEntreprise : [tn.esprit.spring.entities.Employe@96be1ae]
2021-10-13 21:51:13.511  INFO 5728 --- [main] tn.esprit.spring.EmployeServiceImplTest  : getAllEmployeNamesJPQL : [Korkad, Ferchichi]
2021-10-13 21:51:13.639  INFO 5728 --- [main] tn.esprit.spring.EmployeServiceImplTest  : getAllEmployes : [tn.esprit.spring.entities.Employe@29592929, tn.esprit.spring.entities.Employe@4cf5d999]
2021-10-13 21:51:13.743  INFO 5728 --- [main] tn.esprit.spring.EmployeServiceImplTest  : getEmployePrenomById : Yasmine
2021-10-13 21:51:13.871  INFO 5728 --- [main] tn.esprit.spring.EmployeServiceImplTest  : getNombreEmployeJPQL : 2
2021-10-13 21:51:13.983  INFO 5728 --- [main] tn.esprit.spring.EmployeServiceImplTest  : getSalaireByEmployeIdJPQL : 2000.0
2021-10-13 21:51:14.270  INFO 5728 --- [Thread-2] o.s.s.concurrent.ThreadPoolTaskExecutor  : Shutting down ExecutorService 'applicationTaskExecutor'
2021-10-13 21:51:14.270  INFO 5728 --- [Thread-2] j.LocalContainerEntityManagerFactoryBean : Closing JPA EntityManagerFactory for persistence unit 'default'
2021-10-13 21:51:14.278  INFO 5728 --- [Thread-2] com.zaxxer.hikari.HikariDataSource       : HikariPool-1 - Shutdown initiated...
2021-10-13 21:51:14.310  INFO 5728 --- [Thread-2] com.zaxxer.hikari.HikariDataSource       : HikariPool-1 - Shutdown completed.
